mode: set
github.com/isoment/booking-app/cmd/web/main.go:22.13,24.16 2 0
github.com/isoment/booking-app/cmd/web/main.go:24.16,26.3 1 0
github.com/isoment/booking-app/cmd/web/main.go:28.2,35.16 4 0
github.com/isoment/booking-app/cmd/web/main.go:38.18,57.16 10 1
github.com/isoment/booking-app/cmd/web/main.go:57.16,60.3 2 0
github.com/isoment/booking-app/cmd/web/main.go:62.2,71.12 6 1
github.com/isoment/booking-app/cmd/web/middleware.go:14.53,15.71 1 0
github.com/isoment/booking-app/cmd/web/middleware.go:15.71,18.3 2 0
github.com/isoment/booking-app/cmd/web/middleware.go:25.45,34.2 3 1
github.com/isoment/booking-app/cmd/web/middleware.go:40.50,42.2 1 1
github.com/isoment/booking-app/cmd/web/routes.go:12.49,38.2 18 1
